2023-07-27 16:02:21.514  INFO LaptopArtura --- [           main] u.Main                                   : Starting Main using Java 20.0.2 with PID 7976 (D:\Artur's documents\Study to be SWE\ITBootCamp\ITBootCamp\ITBootCamp\controllers\target\classes started by StaryArt in D:\Artur's documents\Study to be SWE\ITBootCamp\ITBootCamp\ITBootCamp)
2023-07-27 16:02:21.643  INFO LaptopArtura --- [           main] u.Main                                   : No active profile set, falling back to 1 default profile: "default"
2023-07-27 16:02:26.225  INFO LaptopArtura --- [           main] .s.d.r.c.RepositoryConfigurationDelegate : Bootstrapping Spring Data JPA repositories in DEFAULT mode.
2023-07-27 16:02:26.503  INFO LaptopArtura --- [           main] .s.d.r.c.RepositoryConfigurationDelegate : Finished Spring Data repository scanning in 242 ms. Found 1 JPA repository interfaces.
2023-07-27 16:02:29.317  INFO LaptopArtura --- [           main] o.s.b.w.e.t.TomcatWebServer              : Tomcat initialized with port(s): 8080 (http)
2023-07-27 16:02:29.406  INFO LaptopArtura --- [           main] o.a.c.h.Http11NioProtocol                : Initializing ProtocolHandler ["http-nio-8080"]
2023-07-27 16:02:29.426  INFO LaptopArtura --- [           main] o.a.c.c.StandardService                  : Starting service [Tomcat]
2023-07-27 16:02:29.428  INFO LaptopArtura --- [           main] o.a.c.c.StandardEngine                   : Starting Servlet engine: [Apache Tomcat/10.1.11]
2023-07-27 16:02:29.888  INFO LaptopArtura --- [           main] o.a.c.c.C.[.[.[/]                        : Initializing Spring embedded WebApplicationContext
2023-07-27 16:02:29.891  INFO LaptopArtura --- [           main] w.s.c.ServletWebServerApplicationContext : Root WebApplicationContext: initialization completed in 7889 ms
2023-07-27 16:02:31.344  INFO LaptopArtura --- [           main] o.h.j.i.u.LogHelper                      : HHH000204: Processing PersistenceUnitInfo [name: default]
2023-07-27 16:02:31.741  INFO LaptopArtura --- [           main] o.h.Version                              : HHH000412: Hibernate ORM core version 6.2.6.Final
2023-07-27 16:02:31.759  INFO LaptopArtura --- [           main] o.h.c.Environment                        : HHH000406: Using bytecode reflection optimizer
2023-07-27 16:02:32.548  INFO LaptopArtura --- [           main] o.h.b.i.BytecodeProviderInitiator        : HHH000021: Bytecode provider name : bytebuddy
2023-07-27 16:02:33.383  INFO LaptopArtura --- [           main] o.s.o.j.p.SpringPersistenceUnitInfo      : No LoadTimeWeaver setup: ignoring JPA class transformer
2023-07-27 16:02:42.651  INFO LaptopArtura --- [           main] o.h.b.i.BytecodeProviderInitiator        : HHH000021: Bytecode provider name : bytebuddy
2023-07-27 16:02:45.066  INFO LaptopArtura --- [           main] o.h.e.t.j.p.i.JtaPlatformInitiator       : HHH000490: Using JtaPlatform implementation: [org.hibernate.engine.transaction.jta.platform.internal.NoJtaPlatform]
2023-07-27 16:02:49.398  INFO LaptopArtura --- [           main] j.LocalContainerEntityManagerFactoryBean : Initialized JPA EntityManagerFactory for persistence unit 'default'
2023-07-27 16:02:52.269  WARN LaptopArtura --- [           main] JpaBaseConfiguration$JpaWebConfiguration : spring.jpa.open-in-view is enabled by default. Therefore, database queries may be performed during view rendering. Explicitly configure spring.jpa.open-in-view to disable this warning
2023-07-27 16:02:55.215  INFO LaptopArtura --- [           main] o.a.c.h.Http11NioProtocol                : Starting ProtocolHandler ["http-nio-8080"]
2023-07-27 16:02:55.584  INFO LaptopArtura --- [           main] o.s.b.w.e.t.TomcatWebServer              : Tomcat started on port(s): 8080 (http) with context path ''
2023-07-27 16:02:55.601  INFO LaptopArtura --- [           main] u.Main                                   : Started Main in 37.088 seconds (process running for 49.952)
2023-07-27 16:02:55.606  INFO LaptopArtura --- [           main] u.Main                                   : Info log
2023-07-27 16:02:55.606  WARN LaptopArtura --- [           main] u.Main                                   : This is a warning!
2023-07-27 16:02:55.606 ERROR LaptopArtura --- [           main] u.Main                                   : Attention! There is an Error. OK
2023-07-27 16:02:55.606 FATAL LaptopArtura --- [           main] u.Main                                   : Danger! Fatal error. Please fix it.
2023-07-27 16:02:55.607  INFO LaptopArtura --- [           main] u.Main                                   : start logger
2023-07-27 16:28:58.065  INFO LaptopArtura --- [ionShutdownHook] j.LocalContainerEntityManagerFactoryBean : Closing JPA EntityManagerFactory for persistence unit 'default'
